systemStateChassisStatus        1.3.6.1.4.1.674.10892.1.200.10.1.4      STAT    3       4
systemStatePowerUnitStatusRedundancy    1.3.6.1.4.1.674.10892.1.200.10.1.6      STAT    3       100
systemStateVoltageStatusCombined        1.3.6.1.4.1.674.10892.1.200.10.1.12     STAT    3       100
systemStateCoolingUnitStatusRedundancy  1.3.6.1.4.1.674.10892.1.200.10.1.18     STAT_REDUND     3       100
systemStateTemperatureStatusCombined    1.3.6.1.4.1.674.10892.1.200.10.1.24     STAT    3       100
systemStateMemoryDeviceStatusCombined   1.3.6.1.4.1.674.10892.1.200.10.1.27     STAT    3       100
systemStateChassisIntrusionStatusCombined       1.3.6.1.4.1.674.10892.1.200.10.1.30     STAT    3       100
systemStateEventLogStatus       1.3.6.1.4.1.674.10892.1.200.10.1.41     STAT    3       4
systemStateProcessorDeviceStatusCombined        1.3.6.1.4.1.674.10892.1.200.10.1.50     STAT    3       100
systemStateBatteryStatusCombined        1.3.6.1.4.1.674.10892.1.200.10.1.52     STAT    3       2
systemBIOSStatus        1.3.6.1.4.1.674.10892.1.300.50.1.5      STAT    3       100
baseBoardStatus 1.3.6.1.4.1.674.10892.1.300.80.1.5      STAT    3       100
operatingSystemMemoryStatus     1.3.6.1.4.1.674.10892.1.400.20.1.4      STAT    3       100
processorPortStatus     1.3.6.1.4.1.674.10892.1.1000.30.1.5     STAT    3       100
memoryDevicePortStatus  1.3.6.1.4.1.674.10892.1.1000.40.1.5     STAT    3       100
sCSIPortStatus  1.3.6.1.4.1.674.10892.1.1000.60.1.5     STAT    3       100
serialPortStatus        1.3.6.1.4.1.674.10892.1.1000.80.1.5     STAT    3       100
uSBPortStatus   1.3.6.1.4.1.674.10892.1.1000.90.1.5     STAT    3       100
cacheDeviceStatus       1.3.6.1.4.1.674.10892.1.1100.40.1.5     STAT    3       100
pCIDeviceStatus 1.3.6.1.4.1.674.10892.1.1100.80.1.5     STAT    3       100
systemSlotStatus        1.3.6.1.4.1.674.10892.1.1200.10.1.5     STAT    3       100
bmcStatus       1.3.6.1.4.1.674.10892.1.1900.10.1.5     STAT    3       100
bmcSerialInterfaceStatus        1.3.6.1.4.1.674.10892.1.1900.20.1.6     STAT    3       100
bmcLANInterfaceStatus   1.3.6.1.4.1.674.10892.1.1900.30.1.6     STAT    3       100
agentGlobalSystemStatus 1.3.6.1.4.1.674.10893.1.20.110.13       STAT    3       4
controllerComponentStatus       1.3.6.1.4.1.674.10893.1.20.130.1.1.38   STAT    3       4
controllerBattery       1.3.6.1.4.1.674.10893.1.20.130.15.1.5   STAT    3       100
channelComponentStatus  1.3.6.1.4.1.674.10893.1.20.130.2.1.8    STAT    3       100
enclosureComponentStatus        1.3.6.1.4.1.674.10893.1.20.130.3.1.24   STAT    3       100
arrayDiskState  1.3.6.1.4.1.674.10893.1.20.130.4.1.4    STAT_DISK       3       1,13
virtualDiskState        1.3.6.1.4.1.674.10893.1.20.140.1.1.4    STAT_DISK_VIRT  1       100
arrayDiskSmartAlertIndication   1.3.6.1.4.1.674.10893.1.20.130.4.1.31   STAT_DISK_PREDICT       1       100
